[1;30mINFO[0m /home/fpantini/lastMicro/microbiomeAnalysisCWL/venv/bin/cwltool 3.1.20240404144621
[1;30mINFO[0m Resolved 'onlyHumann3.cwl' to 'file:///home/fpantini/lastMicro/microbiomeAnalysisCWL/onlyHumann3.cwl'
[1;30mINFO[0m [workflow ] start
[1;30mINFO[0m [workflow ] starting step fuse_reads
[1;30mINFO[0m [step fuse_reads] start
[1;30mWARNING[0m [33m[job fuse_reads] Skipping Docker software container '--cpus' limit despite presence of ResourceRequirement with coresMin and/or coresMax setting. Consider running with --strict-cpu-limit for increased portability assurance.[0m
[1;30mINFO[0m [job fuse_reads] /backup/fpantini/tmp/sese5ydd$ docker \
    run \
    -i \
    --mount=type=bind,source=/backup/fpantini/tmp/sese5ydd,target=/ETyZOk \
    --mount=type=bind,source=/backup/fpantini/tmp/glw4o90q,target=/tmp \
    --workdir=/ETyZOk \
    --read-only=true \
    --net=none \
    --user=1048:1049 \
    --rm \
    --cidfile=/backup/fpantini/tmp/zl4dskj8/20240628144436-935119.cid \
    --env=TMPDIR=/tmp \
    --env=HOME=/ETyZOk \
    scontaldo/humanmapper \
    bash \
    /scripts/fuseReads.sh \
    /ETyZOk/HV02_R1.fastq.gz \
    /ETyZOk/HV02_R2.fastq.gz \
    30
[1;30mINFO[0m [job fuse_reads] Max memory used: 1669MiB
[1;30mINFO[0m [job fuse_reads] completed success
[1;30mINFO[0m [step fuse_reads] completed success
[1;30mINFO[0m [workflow ] starting step humann3
[1;30mINFO[0m [step humann3] start
[1;30mWARNING[0m [33m[job humann3] Skipping Docker software container '--cpus' limit despite presence of ResourceRequirement with coresMin and/or coresMax setting. Consider running with --strict-cpu-limit for increased portability assurance.[0m
[1;30mINFO[0m [job humann3] /backup/fpantini/tmp/r9lti5zy$ docker \
    run \
    -i \
    --mount=type=bind,source=/backup/fpantini/tmp/r9lti5zy,target=/ETyZOk \
    --mount=type=bind,source=/backup/fpantini/tmp/7s4s8pi6,target=/tmp \
    --mount=type=bind,source=/backup/fpantini/humann_DB/chocophlan,target=/var/lib/cwl/stgc744d88e-ae6f-4322-9d31-2de561a3e1c1/chocophlan,readonly \
    --mount=type=bind,source=/backup/fpantini/tmp/sese5ydd/HV02_R1_fused.fastq,target=/var/lib/cwl/stg492222d6-9053-4d62-944c-0b97c1c29671/HV02_R1_fused.fastq,readonly \
    --mount=type=bind,source=/backup/fpantini/humann_DB/input/HV02_output.txt,target=/var/lib/cwl/stg2e6b8eb7-a260-4963-a8f9-4124edfd55f8/HV02_output.txt,readonly \
    --mount=type=bind,source=/backup/fpantini/humann_DB/uniref,target=/var/lib/cwl/stg3c01d645-9174-4cec-b90a-7fdc79b7d455/uniref,readonly \
    --workdir=/ETyZOk \
    --read-only=true \
    --net=none \
    --user=1048:1049 \
    --rm \
    --cidfile=/backup/fpantini/tmp/zer62x0d/20240628150423-508741.cid \
    --env=TMPDIR=/tmp \
    --env=HOME=/ETyZOk \
    biobakery/humann \
    humann \
    --output \
    ./ \
    --input \
    /var/lib/cwl/stg492222d6-9053-4d62-944c-0b97c1c29671/HV02_R1_fused.fastq \
    --taxonomic-profile \
    /var/lib/cwl/stg2e6b8eb7-a260-4963-a8f9-4124edfd55f8/HV02_output.txt \
    --nucleotide-database \
    /var/lib/cwl/stgc744d88e-ae6f-4322-9d31-2de561a3e1c1/chocophlan \
    --protein-database \
    /var/lib/cwl/stg3c01d645-9174-4cec-b90a-7fdc79b7d455/uniref \
    --threads \
    30
Output files will be written to: /ETyZOk
Removing spaces from identifiers in input file ...

Found t__SGB4925 : 8.95% of mapped reads ( s__Roseburia_faecis,g__Roseburia.s__Roseburia_hominis,g__Roseburia.s__Roseburia_sp_TF10_5 )
Found t__SGB2318 : 6.70% of mapped reads ( s__Alistipes_putredinis )
Found t__SGB15332 : 5.25% of mapped reads ( s__Faecalibacterium_prausnitzii,g__Faecalibacterium.s__Faecalibacterium_sp_IP118 )
Found t__SGB15286 : 4.80% of mapped reads ( s__Subdoligranulum_sp_APC924_74 )
Found t__SGB1829 : 4.49% of mapped reads ( s__Bacteroides_eggerthii,g__Bacteroides.s__Bacteroides_stercoris )
Found g__Ruminococcus.s__Ruminococcus_bromii : 4.43% of mapped reads ( g__Ruminococcus.s__Ruminococcus_sp_BSD2780120874_150323_B10,g__Ruminococcus.s__Ruminococcus_sp_NSJ_71,g__Ruminococcus.s__Ruminococcus_sp_FMBCY1 )
Found t__SGB1814 : 4.24% of mapped reads ( s__Bacteroides_vulgatus,g__Phocaeicola.s__Phocaeicola_dorei )
Found t__SGB1965 : 2.94% of mapped reads ( s__Barnesiella_intestinihominis,g__Bacteroidaceae_unclassified.s__Bacteroidaceae_bacterium,g__Barnesiella.s__Barnesiella_sp_B2_R_119 )
Found t__SGB1836 : 2.79% of mapped reads ( s__Bacteroides_uniformis,g__Bacteroides.s__Bacteroides_sp_D20,g__Bacteroides.s__Bacteroides_sp_4_1_36,g__Bacteroides.s__Bacteroides_humanifaecis,g__Bacteroides.s__Bacteroides_sp_AF25_38AC,g__Bacteroides.s__Bacteroides_sp_CACC_737,g__Bacteroides.s__Bacteroides_sp_AF36_11BH,g__Bacteroides.s__Bacteroides_sp_AF39_16AC,g__Bacteroides.s__Bacteroides_sp_AM32_11AC,g__Bacteroides.s__Bacteroides_sp_AF35_22,g__Bacteroides.s__Bacteroides_sp_AF26_10BH,g__Bacteroides.s__Bacteroides_sp_AF37_16AC,g__Bacteroides.s__Bacteroides_sp_Marseille_P8574,g__Bacteroides.s__Bacteroides_sp_HF_5613,g__Bacteroides.s__Bacteroides_sp_AF33_23,g__Bacteroides.s__Bacteroides_sp_AF20_13LB,g__Bacteroides.s__Bacteroides_sp_AF34_31BH,g__Bacteroides.s__Bacteroides_sp_A1C1,g__Bacteroides.s__Bacteroides_sp_HF_162,g__Bacteroides.s__Bacteroides_sp_AF29_11,g__Bacteroides.s__Bacteroides_sp_AF04_22,g__Bacteroides.s__Bacteroides_sp_AM41_16,g__Bacteroides.s__Bacteroides_sp_AR29,g__Bacteroides.s__Bacteroides_sp_NSJ_21,g__Bacteroides.s__Bacteroides_sp_AF18_33,g__Bacteroides.s__Bacteroides_sp_AM44_19,g__Bacteroides.s__Bacteroides_sp_AF27_10BH,g__Bacteroides.s__Bacteroides_sp_AM07_18,g__Bacteroides.s__Bacteroides_sp_AF15_14LB,g__Bacteroides.s__Bacteroides_sp_AF25_5LB,g__Bacteroides.s__Bacteroides_sp_AM30_16 )
Found t__SGB2303 : 2.16% of mapped reads ( s__Alistipes_finegoldii,g__Alistipes.s__Alistipes_finegoldii,g__Alistipes.s__Alistipes_sp_AM16_43 )
Found t__SGB15342 : 2.05% of mapped reads ( s__Faecalibacterium_prausnitzii,g__Faecalibacterium.s__Faecalibacterium_sp_AM43_5AT,g__Faecalibacterium.s__Faecalibacterium_sp_BIOML_A3,g__Faecalibacterium.s__Faecalibacterium_sp_Marseille_Q4896,g__Faecalibacterium.s__Faecalibacterium_sp_OF03_6AC,g__Faecalibacterium.s__Faecalibacterium_sp_AF27_11BH,g__Faecalibacterium.s__Faecalibacterium_sp_AF10_46,g__Faecalibacterium.s__Faecalibacterium_sp_BIOML_A2,g__Faecalibacterium.s__Faecalibacterium_sp_I4384 )
Found t__SGB4874 : 2.03% of mapped reads ( s__Fusicatenibacter_saccharivorans,g__Blautia.s__Blautia_sp_AM42_2,g__Blautia.s__Blautia_sp_OF03_13,g__Blautia.s__Blautia_sp_OF09_25XD,g__Blautia.s__Blautia_sp_AM47_4,g__Blautia.s__Blautia_sp_AM29_29,g__Blautia.s__Blautia_sp_AF17_9LB,g__Blautia.s__Blautia_sp_OM06_15AC,g__Blautia.s__Blautia_sp_AF19_13LB,g__Blautia.s__Blautia_sp_AF34_10,g__Blautia.s__Blautia_sp_AM23_13AC,g__Blautia.s__Blautia_sp_OM05_6,g__Blautia.s__Blautia_sp_AF26_2,g__Blautia.s__Blautia_sp_OF11_22,g__Blautia.s__Blautia_sp_AF14_40,g__Blautia.s__Blautia_sp_AM28_10,g__Blautia.s__Blautia_sp_AF32_4BH,g__Blautia.s__Blautia_sp_AF19_1,g__Blautia.s__Blautia_sp_TM10_2,g__Blautia.s__Blautia_sp_TF10_30,g__Lachnospiraceae_unclassified.s__Lachnospiraceae_bacterium_210521_DFI_5_20 )
Found t__SGB4348 : 1.51% of mapped reads ( s__Eubacterium_sp_CAG_180 )
Found t__SGB9226 : 1.38% of mapped reads ( s__Akkermansia_muciniphila )
Found t__SGB4837 : 1.17% of mapped reads ( s__Blautia_obeum,g__Blautia.s__Blautia_obeum,g__Ruminococcus.s__Ruminococcus_sp_OM02_16LB,g__Blautia.s__Blautia_sp_Marseille_P2398,g__Ruminococcus.s__Ruminococcus_sp_AM18_44,g__Ruminococcus.s__Ruminococcus_sp_AF33_11BH,g__Ruminococcus.s__Ruminococcus_sp_AM40_10AC,g__Ruminococcus.s__Ruminococcus_sp_AM36_17,g__Ruminococcus.s__Ruminococcus_sp_TM09_4,g__Ruminococcus.s__Ruminococcus_sp_AM32_17LB,g__Ruminococcus.s__Ruminococcus_sp_AM29_12LB,g__Blautia.s__Blautia_sp_1001283B150304_161114_C9,g__Ruminococcus.s__Ruminococcus_sp_AM18_15,g__Ruminococcus.s__Ruminococcus_sp_5_1_39BFAA,g__Ruminococcus.s__Ruminococcus_sp_TF11_2AC,g__Ruminococcus.s__Ruminococcus_sp_AF19_29,g__Ruminococcus.s__Ruminococcus_sp_AM27_16,g__Ruminococcus.s__Ruminococcus_sp_AF25_28AC,g__Ruminococcus.s__Ruminococcus_sp_AM34_9LB,g__Ruminococcus.s__Ruminococcus_sp_AM23_1LB,g__Ruminococcus.s__Ruminococcus_sp_AM42_10AC,g__Ruminococcus.s__Ruminococcus_sp_AF14_5,g__Blautia.s__Blautia_sp_DFI_3_45,g__Blautia.s__Blautia_sp_MSK18_10,g__Blautia.s__Blautia_sp_DFI_6_71,g__Blautia.s__Blautia_sp_DFI_1_216 )
Found t__SGB17244 : 1.16% of mapped reads ( s__Bifidobacterium_adolescentis,g__Bifidobacteriaceae_unclassified.s__Bifidobacteriaceae_bacterium_MCC01943,g__Bifidobacterium.s__Bifidobacterium_faecale,g__Bifidobacteriaceae_unclassified.s__Bifidobacteriaceae_bacterium_MCC01941,g__Bifidobacterium.s__Bifidobacterium_sp_CLA_AA_H280,g__Bifidobacterium.s__Bifidobacterium_sp_MSK_17_10 )
Found t__SGB17248 : 1.06% of mapped reads ( s__Bifidobacterium_longum,g__Bifidobacteriaceae_unclassified.s__Bifidobacteriaceae_bacterium_MCC01989,g__Bifidobacteriaceae_unclassified.s__Bifidobacteriaceae_bacterium_MCC01979,g__Bifidobacteriaceae_unclassified.s__Bifidobacteriaceae_bacterium_MCC01972,g__Bifidobacteriaceae_unclassified.s__Bifidobacteriaceae_bacterium_MCC01986,g__Bifidobacteriaceae_unclassified.s__Bifidobacteriaceae_bacterium_MCC01978,g__Bifidobacteriaceae_unclassified.s__Bifidobacteriaceae_bacterium_MCC01976,g__Bifidobacteriaceae_unclassified.s__Bifidobacteriaceae_bacterium_MCC01975 )
Found t__SGB2295 : 0.98% of mapped reads ( s__Alistipes_shahii,g__Rikenellaceae_unclassified.s__Rikenellaceae_bacterium,g__Alistipes.s__Alistipes_sp_AF14_19 )
Found t__SGB14993 : 0.92% of mapped reads ( s__Agathobaculum_butyriciproducens,g__Butyricicoccus.s__Butyricicoccus_faecihominis,g__Butyricicoccus.s__Butyricicoccus_sp_AF10_3,g__Butyricicoccus.s__Butyricicoccus_sp_OF13_6,g__Butyricicoccus.s__Butyricicoccus_sp_AM27_36,g__Butyricicoccus.s__Butyricicoccus_sp_AF22_28AC,g__Butyricicoccus.s__Butyricicoccus_sp_AF24_19AC,g__Butyricicoccus.s__Butyricicoccus_sp_TM10_16AC,g__Butyricicoccus.s__Butyricicoccus_sp_BIOML_A1,g__Butyricicoccus.s__Butyricicoccus_sp_AM28_25,g__Butyricicoccus.s__Butyricicoccus_sp_OM06_6AC,g__Butyricicoccus.s__Butyricicoccus_sp_AM18_35,g__Butyricicoccus.s__Butyricicoccus_sp_OF10_2,g__Butyricicoccus.s__Butyricicoccus_sp_AM05_1,g__Butyricicoccus.s__Butyricicoccus_sp_AF35_5AC,g__Butyricicoccus.s__Butyricicoccus_sp_AF15_40,g__Butyricicoccus.s__Butyricicoccus_sp_AM32_19 )
Found t__SGB5825_group : 0.86% of mapped reads ( s__Dialister_invisus )
Found g__Ruminococcus.s__Ruminococcus_SGB4421 : 0.77% of mapped reads (  )
Found t__SGB4557 : 0.75% of mapped reads ( s__Ruminococcus_lactaris )
Found t__SGB4262 : 0.69% of mapped reads ( s__Ruminococcus_bicirculans,g__Ruminococcus.s__Ruminococcus_sp_AM47_2BH,g__Ruminococcus.s__Ruminococcus_sp_AM28_13,g__Ruminococcus.s__Ruminococcus_sp_AF19_15,g__Ruminococcus.s__Ruminococcus_sp_AF25_19,g__Ruminococcus.s__Ruminococcus_sp_OM07_17,g__Ruminococcus.s__Ruminococcus_sp_AM54_1NS,g__Ruminococcus.s__Ruminococcus_sp_AM31_15AC,g__Ruminococcus.s__Ruminococcus_sp_KGMB03662,g__Ruminococcus.s__Ruminococcus_sp_AF34_12,g__Ruminococcus.s__Ruminococcus_sp_AF17_24,g__Ruminococcus.s__Ruminococcus_sp_AF26_25AA,g__Ruminococcus.s__Ruminococcus_sp_AF16_50,g__Ruminococcus.s__Ruminococcus_sp_AF21_11,g__Ruminococcus.s__Ruminococcus_sp_TF12_2,g__Ruminococcus.s__Ruminococcus_sp_AM43_6,g__Ruminococcus.s__Ruminococcus_sp_AF37_20,g__Ruminococcus.s__Ruminococcus_sp_AF18_29,g__Oscillospiraceae_unclassified.s__Oscillospiraceae_bacterium_CLA_AA_H220,g__Ruminococcus.s__Ruminococcus_sp_MSJ_25,g__Ruminococcus.s__Ruminococcus_sp_TM463 )
Found t__SGB5045 : 0.66% of mapped reads ( s__Eubacterium_ventriosum )
Found t__SGB14341 : 0.61% of mapped reads ( s__Eggerthella_sp_CAG_298 )
Found t__SGB14535 : 0.55% of mapped reads ( s__Collinsella_aerofaciens,g__Collinsella.s__Collinsella_sp_AF28_5AC,g__Coriobacteriaceae_unclassified.s__Coriobacteriaceae_bacterium,g__Collinsella.s__Collinsella_sp_4_8_47FAA,g__Collinsella.s__Collinsella_sp_AM38_1BH,g__Collinsella.s__Collinsella_sp_AF25_2LB,g__Collinsella.s__Collinsella_sp_TF05_9AC,g__Collinsella.s__Collinsella_sp_BG_O_102,g__Collinsella.s__Collinsella_sp_MSK_8_10 )
Found g__Alistipes.s__Alistipes_communis : 0.54% of mapped reads (  )
Found g__Oscillospiraceae_unclassified.s__Oscillospiraceae_unclassified_SGB15256 : 0.53% of mapped reads (  )
Found g__Faecalibacterium.s__Faecalibacterium_SGB15346 : 0.51% of mapped reads (  )
Found t__SGB1877 : 0.47% of mapped reads ( s__Bacteroides_caccae )
Found t__SGB14824_group : 0.45% of mapped reads ( s__Senegalimassilia_anaerobia )
Found t__SGB4951 : 0.43% of mapped reads ( s__Roseburia_intestinalis )
Found t__SGB4811 : 0.42% of mapped reads ( s__Blautia_obeum,g__Blautia.s__Blautia_sp_210820_DFI_6_14 )
Found g__Mediterraneibacter.s__Ruminococcus_gnavus : 0.41% of mapped reads ( g__Dorea.s__Dorea_sp_OM07_5,g__Dorea.s__Dorea_sp_AF24_7LB,g__Dorea.s__Dorea_sp_NSJ_36,g__Dorea.s__Dorea_sp_AM13_35,g__Dorea.s__Dorea_sp_AM10_31 )
Found t__SGB15316 : 0.40% of mapped reads ( s__Faecalibacterium_prausnitzii,g__Faecalibacterium.s__Faecalibacterium_longum,g__Faecalibacterium.s__Faecalibacterium_sp_Marseille_P9312,g__Faecalibacterium.s__Faecalibacterium_sp_Marseille_P9590 )
Found t__SGB1815 : 0.40% of mapped reads ( s__Bacteroides_dorei )
Found t__SGB4540 : 0.40% of mapped reads ( s__Anaerostipes_hadrus,g__Lachnospiraceae_unclassified.s__Lachnospiraceae_bacterium_AM25_27,g__Lachnospiraceae_unclassified.s__Lachnospiraceae_bacterium_TF10_8AT,g__Lachnospiraceae_unclassified.s__Lachnospiraceae_bacterium_AM21_21,g__Lachnospiraceae_unclassified.s__Lachnospiraceae_bacterium_AM26_1LB,g__Lachnospiraceae_unclassified.s__Lachnospiraceae_bacterium_AM10_38,g__Lachnospiraceae_unclassified.s__Lachnospiraceae_bacterium_OM02_26,g__Lachnospiraceae_unclassified.s__Lachnospiraceae_bacterium_AM23_7LB,g__Lachnospiraceae_unclassified.s__Lachnospiraceae_bacterium_5_1_63FAA )
Found g__GGB1689.s__GGB1689_SGB2321 : 0.38% of mapped reads (  )
Found g__GGB9411.s__GGB9411_SGB14764 : 0.38% of mapped reads (  )
Found t__SGB4581 : 0.38% of mapped reads ( s__Dorea_longicatena,g__Dorea.s__Dorea_sp_MB18_49,g__Lachnospiraceae_unclassified.s__Lachnospiraceae_bacterium_210521_DFI_5_19,g__Lachnospiraceae_unclassified.s__Lachnospiraceae_bacterium_210521_DFI_3_101 )
Found t__SGB1790 : 0.37% of mapped reads ( s__Odoribacter_splanchnicus )
Found t__SGB1948 : 0.37% of mapped reads ( s__Parabacteroides_johnsonii )
Found t__SGB4828 : 0.37% of mapped reads ( s__Blautia_sp,g__Ruminococcus.s__Ruminococcus_sp_OF03_6AA,g__Blautia.s__Blautia_sp_MSK_20_85,g__Ruminococcus.s__Ruminococcus_sp_OM08_9BH,g__Ruminococcus.s__Ruminococcus_sp_AM41_10BH,g__Ruminococcus.s__Ruminococcus_sp_AM36_5,g__Blautia.s__Blautia_sp_NSJ_166 )
Found g__GGB47687.s__GGB47687_SGB2286 : 0.35% of mapped reads (  )
Found t__SGB15132 : 0.33% of mapped reads ( s__Flavonifractor_plautii,g__Lachnospiraceae_unclassified.s__Lachnospiraceae_bacterium_7_1_58FAA,g__Eubacteriales_unclassified.s__Clostridiales_bacterium_VE202_03,g__Clostridia_unclassified.s__Clostridia_bacterium_UC5_1_2H11,g__Eubacteriales_unclassified.s__Clostridiales_bacterium )
Found g__Brotolimicola.s__Brotolimicola_acetigignens : 0.33% of mapped reads ( g__Clostridium.s__Clostridium_sp_AF34_10BH,g__Clostridium.s__Clostridium_sp_AM34_9AC,g__Clostridium.s__Clostridium_sp_AF36_18BH,g__Clostridium.s__Clostridium_sp_TF08_15,g__Clostridium.s__Clostridium_sp_AF46_12NS,g__Lachnospiraceae_unclassified.s__Lachnospiraceae_bacterium_GAM79,g__Acetatifactor.s__Acetatifactor_sp_DFI_5_50,g__Waltera.s__Waltera_sp_CLA_AA_H273 )
Found t__SGB5075 : 0.32% of mapped reads ( s__Lachnospira_pectinoschiza )
Found g__Faecalibacterium.s__Faecalibacterium_sp_CLA_AA_H233 : 0.32% of mapped reads ( g__Faecalibacterium.s__Faecalibacterium_sp_I3389 )
Found g__Clostridium.s__Clostridium_fessum : 0.32% of mapped reads ( g__Clostridium.s__Clostridium_sp_AF21_20LB,g__Clostridium.s__Clostridium_sp_OM05_5BH,g__Clostridium.s__Clostridium_sp_AF37_7,g__Clostridium.s__Clostridium_sp_AM18_55,g__Clostridium.s__Clostridium_sp_AF02_29,g__Clostridium.s__Clostridium_sp_AM28_20LB,g__Clostridium.s__Clostridium_sp_AF12_41,g__Clostridium.s__Clostridium_sp_OM04_7,g__Clostridium.s__Clostridium_sp_AF50_3,g__Clostridium.s__Clostridium_sp_OF13_4,g__Clostridium.s__Clostridium_sp_AF24_2LB,g__Clostridium.s__Clostridium_sp_TF11_13AC,g__Clostridium.s__Clostridium_sp_TF06_15AC,g__Clostridium.s__Clostridium_sp_AF35_15,g__Clostridium.s__Clostridium_sp_AM48_13,g__Clostridium.s__Clostridium_sp_AF32_7AC,g__Clostridium.s__Clostridium_sp_AM43_3BH,g__Clostridium.s__Clostridium_sp_AF27_5AA,g__Clostridium.s__Clostridium_sp_AF29_8BH,g__Clostridium.s__Clostridium_sp_BX14,g__Clostridium.s__Clostridium_sp_AF20_7,g__Clostridium.s__Clostridium_sp_AF22_10,g__Clostridium.s__Clostridium_sp_AM27_28 )
Found g__GGB33512.s__GGB33512_SGB15201 : 0.31% of mapped reads (  )
Found g__Dysosmobacter.s__Dysosmobacter_welbionis : 0.30% of mapped reads ( g__Oscillospiraceae_unclassified.s__Oscillospiraceae_bacterium_VE202_24 )
Found t__SGB1934 : 0.30% of mapped reads ( s__Parabacteroides_distasonis,g__Parabacteroides.s__Parabacteroides_sp_20_3,g__Parabacteroides.s__Parabacteroides_sp_AF39_10AC,g__Parabacteroides.s__Parabacteroides_sp_D26,g__Parabacteroides.s__Parabacteroides_sp_AT13,g__Parabacteroides.s__Parabacteroides_sp_OF04_13BH,g__Parabacteroides.s__Parabacteroides_sp_AF21_43,g__Parabacteroides.s__Parabacteroides_sp_AM25_14,g__Parabacteroides.s__Parabacteroides_sp_AF19_14,g__Parabacteroides.s__Parabacteroides_sp_OF01_14,g__Parabacteroides.s__Parabacteroides_sp_2_1_7,g__Parabacteroides.s__Parabacteroides_sp_D13,g__Parabacteroides.s__Parabacteroides_sp_CT06,g__Parabacteroides.s__Parabacteroides_sp_CH2_D42_20,g__Parabacteroides.s__Parabacteroides_sp_AF27_14,g__Parabacteroides.s__Parabacteroides_sp_AM17_47,g__Parabacteroides.s__Parabacteroides_sp_Y3_G_102,g__Parabacteroides.s__Parabacteroides_sp_B2_Q_110,g__Parabacteroides.s__Parabacteroides_sp_B2_S_102 )
Found t__SGB1871 : 0.28% of mapped reads ( s__Bacteroides_ovatus,g__Bacteroides.s__Bacteroides_sp_2_2_4,g__Bacteroides.s__Bacteroides_sp_AM56_10ce,g__Bacteroides.s__Bacteroides_sp_AF32_8BH,g__Bacteroides.s__Bacteroides_sp_KFT8,g__Bacteroides.s__Bacteroides_sp_HMSC073E02,g__Bacteroides.s__Bacteroides_sp_3_1_23,g__Bacteroides.s__Bacteroides_kribbi,g__Bacteroides.s__Bacteroides_sp_OF03_11BH,g__Bacteroides.s__Bacteroides_sp_MSK_17_76,g__Bacteroides.s__Bacteroides_sp_MSK_18_37 )
Found g__Coprococcus.s__Coprococcus_eutactus : 0.28% of mapped reads ( g__Clostridium.s__Clostridium_sp_AF15_41,g__Clostridium.s__Clostridium_sp_OM05_9,g__Clostridium.s__Clostridium_sp_OF10_22XD,g__Clostridium.s__Clostridium_sp_AM54_14XD,g__Clostridium.s__Clostridium_sp_BIOML_A1,g__Clostridium.s__Clostridium_sp_AM46_21,g__Clostridium.s__Clostridium_sp_L2_50,g__Clostridium.s__Clostridium_sp_AF15_31,g__Coprococcus.s__Coprococcus_sp_NSJ_10,g__Clostridium.s__Clostridium_sp_AF17_2,g__Clostridium.s__Clostridium_sp_AF23_6LB )
Found t__SGB4247 : 0.27% of mapped reads ( s__Ruminococcus_sp_CAG_353 )
Found t__SGB1832 : 0.26% of mapped reads ( s__Bacteroides_clarus,g__Bacteroides.s__Bacteroides_stercoris )
Found g__GGB33512.s__GGB33512_SGB15203 : 0.26% of mapped reads (  )
Found g__GGB9608.s__GGB9608_SGB15041 : 0.26% of mapped reads (  )
Found t__SGB4933 : 0.23% of mapped reads ( s__Eubacterium_rectale )
Found t__SGB4575 : 0.21% of mapped reads ( s__Dorea_formicigenerans,g__Dorea.s__Dorea_sp_Marseille_P4042,g__Dorea.s__Dorea_sp_AGR2135,g__Dorea.s__Dorea_sp_210702_DFI_3_125,g__Dorea.s__Dorea_sp_210702_DFI_3_17 )
Found t__SGB1844 : 0.21% of mapped reads ( s__Bacteroides_cellulosilyticus,g__Bacteroides.s__Bacteroides_sp_14_A,g__Bacteroides.s__Bacteroides_intestinalis )
Found t__SGB1855 : 0.20% of mapped reads ( s__Bacteroides_fragilis,g__Bacteroides.s__Bacteroides_sp_3_2_5 )
Found t__SGB4993 : 0.20% of mapped reads ( s__Firmicutes_bacterium_AF16_15,g__Firmicutes_unclassified.s__Firmicutes_bacterium_TM09_10,g__Firmicutes_unclassified.s__Firmicutes_bacterium_AF16_15,g__Firmicutes_unclassified.s__Firmicutes_bacterium_AF36_19BH )
Found t__SGB4940 : 0.18% of mapped reads ( s__Roseburia_inulinivorans )
Found t__SGB4532 : 0.18% of mapped reads ( s__Eubacterium_hallii )
Found t__SGB9260 : 0.18% of mapped reads ( s__Proteobacteria_bacterium_CAG_139 )
Found t__SGB2325 : 0.17% of mapped reads ( s__Alistipes_indistinctus )
Found t__SGB15470 : 0.16% of mapped reads ( s__Desulfovibrio_fairfieldensis,g__Desulfovibrio.s__Desulfovibrio_sp_3_1_syn3,g__Desulfovibrio.s__Desulfovibrio_sp_6_1_46AFAA,g__Desulfovibrionaceae_unclassified.s__Desulfovibrionaceae_bacterium )
Found t__SGB5190 : 0.16% of mapped reads ( s__Firmicutes_bacterium_CAG_102,g__Firmicutes_unclassified.s__Firmicutes_bacterium_AF19_2LB )
Found t__SGB4269 : 0.15% of mapped reads ( s__Firmicutes_bacterium_CAG_41,g__Firmicutes_unclassified.s__Firmicutes_bacterium_AF36_3BH,g__Firmicutes_unclassified.s__Firmicutes_bacterium_AM55_24TS,g__Oscillospiraceae_unclassified.s__Oscillospiraceae_bacterium_CLA_AA_H232 )
Found g__GGB36331.s__GGB36331_SGB15121 : 0.15% of mapped reads (  )
Found g__GGB3033.s__GGB3033_SGB4029 : 0.15% of mapped reads (  )
Found g__GGB6649.s__GGB6649_SGB9391 : 0.15% of mapped reads (  )
Found g__GGB9523.s__GGB9523_SGB14922 : 0.14% of mapped reads (  )
Found g__GGB9454.s__GGB9454_SGB14846 : 0.14% of mapped reads (  )
Found t__SGB4191 : 0.13% of mapped reads ( s__Eubacterium_sp_CAG_115 )
Found t__SGB4721 : 0.13% of mapped reads ( s__Clostridium_sp_CAG_58,g__Clostridiaceae_unclassified.s__Clostridiaceae_bacterium,g__Clostridium.s__Clostridium_sp_MCC334 )
Found g__GGB2982.s__GGB2982_SGB3964 : 0.13% of mapped reads (  )
Found g__GGB3538.s__GGB3538_SGB4728 : 0.13% of mapped reads (  )
Found t__SGB4652 : 0.12% of mapped reads ( s__Clostridium_sp_CAG_75,g__Clostridium.s__Clostridium_sp_OM05_9BH )
Found t__SGB4577 : 0.11% of mapped reads ( s__Coprococcus_comes,g__Coprococcus.s__Coprococcus_sp_DFI_6_81 )
Found g__Blautia.s__Blautia_glucerasea : 0.02% of mapped reads ( g__Lachnospiraceae_unclassified.s__Lachnospiraceae_bacterium )
Found g__GGB9509.s__GGB9509_SGB14906 : 0.11% of mapped reads (  )
Found g__Alistipes.s__Alistipes_ihumii : 0.11% of mapped reads (  )
Found g__Oscillibacter.s__Oscillibacter_valericigenes : 0.05% of mapped reads (  )
Found t__SGB15238 : 0.10% of mapped reads ( s__Firmicutes_bacterium_CAG_170 )
Found g__GGB51960.s__GGB51960_SGB72480 : 0.10% of mapped reads (  )
Found t__SGB1867 : 0.10% of mapped reads ( s__Bacteroides_xylanisolvens,g__Bacteroides.s__Bacteroides_sp_1_1_30,g__Bacteroides.s__Bacteroides_sp_AM16_13,g__Bacteroides.s__Bacteroides_sp_3_1_13,g__Bacteroides.s__Bacteroides_sp_1001302B_160321_D4,g__Bacteroides.s__Bacteroides_sp_D22,g__Bacteroides.s__Bacteroides_sp_2_1_22,g__Bacteroides.s__Bacteroides_sp_AM37_9,g__Bacteroides.s__Bacteroides_sp_MSK_20_12,g__Bacteroides.s__Bacteroides_ovatus,g__Bacteroides.s__Bacteroides_sp_SL_2_06 )
Found g__Frisingicoccus.s__Frisingicoccus_caecimuris : 0.10% of mapped reads (  )
Found g__GGB1096.s__GGB1096_SGB1408 : 0.10% of mapped reads (  )
Found g__GGB9453.s__GGB9453_SGB14845 : 0.10% of mapped reads (  )
Found t__SGB6791 : 0.09% of mapped reads ( s__Faecalicoccus_pleomorphus )
Found t__SGB15154 : 0.09% of mapped reads ( s__Lawsonibacter_asaccharolyticus )
Found t__SGB4617 : 0.09% of mapped reads ( s__Sellimonas_intestinalis )
Found t__SGB1861 : 0.08% of mapped reads ( s__Bacteroides_thetaiotaomicron,g__Bacteroides.s__Bacteroides_sp_AR20,g__Bacteroides.s__Bacteroides_sp_AM23_12,g__Bacteroides.s__Bacteroides_sp_B1_V_101,g__Bacteroides.s__Bacteroides_sp_MSK_20_82 )
Found g__Lawsonibacter.s__Lawsonibacter_hominis : 0.08% of mapped reads ( g__Flavonifractor.s__Flavonifractor_sp_DFI_6_63 )
Found g__GGB9765.s__GGB9765_SGB15382 : 0.08% of mapped reads (  )
Found t__SGB15452 : 0.08% of mapped reads ( s__Bilophila_wadsworthia,g__Bilophila.s__Bilophila_sp_4_1_30 )
Found t__SGB5089 : 0.08% of mapped reads ( s__Eubacterium_sp_CAG_38 )
Found t__SGB4644 : 0.08% of mapped reads ( s__Clostridium_sp_AF36_4,g__Clostridium.s__Clostridium_sp_AF37_5 )
Found g__GGB9770.s__GGB9770_SGB15390 : 0.07% of mapped reads (  )
Found g__GGB3653.s__GGB3653_SGB4964 : 0.06% of mapped reads (  )
Found t__SGB714 : 0.06% of mapped reads ( s__Methanobrevibacter_smithii,g__Methanobrevibacter.s__Methanobrevibacter_sp_A54 )
Found t__SGB1957 : 0.06% of mapped reads ( s__Bacteroides_sp_CAG_144 )
Found g__Lacrimispora.s__Lacrimispora_amygdalina : 0.06% of mapped reads ( g__Eubacteriales_unclassified.s__butyrate_producing_bacterium_SS3_4,g__Clostridium.s__Clostridium_sp_AM25_23AC,g__Clostridium.s__Clostridium_sp_AM34_11AC,g__Clostridiaceae_unclassified.s__Clostridiaceae_bacterium_AF02_42,g__Lachnospiraceae_unclassified.s__Lachnospiraceae_bacterium_OF11_28,g__Eubacteriales_unclassified.s__Clostridiales_bacterium_AF36_10,g__Desulfotomaculum.s__Desulfotomaculum_sp_OF05_3,g__Clostridium.s__Clostridium_sp_AF28_12,g__Clostridiaceae_unclassified.s__Clostridiaceae_bacterium_TF01_6,g__Bacteria_unclassified.s__bacterium_210820_DFI_6_38,g__Clostridium.s__Clostridium_sp_MCC328 )
Found t__SGB4670 : 0.06% of mapped reads ( s__Coprococcus_catus,g__Coprococcus.s__Coprococcus_sp_B2_R_112 )
Found t__SGB1784 : 0.06% of mapped reads ( s__Butyricimonas_virosa )
Found t__SGB5090 : 0.06% of mapped reads ( s__Clostridiales_bacterium_KLE1615,g__Firmicutes_unclassified.s__Firmicutes_bacterium_AF25_13AC,g__Lachnoclostridium.s__Lachnoclostridium_sp_210928_DFI_6_3,g__Lachnospiraceae_unclassified.s__Lachnospiraceae_bacterium_CLA_AA_H224 )
Found g__Hydrogenoanaerobacterium.s__Hydrogenoanaerobacterium_saccharovorans : 0.06% of mapped reads (  )
Found g__GGB9345.s__GGB9345_SGB14311 : 0.06% of mapped reads (  )
Found g__GGB9699.s__GGB9699_SGB15216 : 0.06% of mapped reads (  )
Found t__SGB8007_group : 0.06% of mapped reads ( s__Streptococcus_pneumoniae,g__Streptococcus.s__Streptococcus_sp_21_1,g__Streptococcus.s__Streptococcus_sp_CCH5_D3,g__Streptococcus.s__Streptococcus_sp_16_1,g__Streptococcus.s__Streptococcus_sp_ACS2,g__Streptococcus.s__Streptococcus_sp_22_1,g__Streptococcus.s__Streptococcus_sp_HMSC064H09,g__Streptococcus.s__Streptococcus_sp_10_1,g__Streptococcus.s__Streptococcus_sp_CCH8_H5,g__Streptococcus.s__Streptococcus_sp_HMSC065H07,g__Streptococcus.s__Streptococcus_sp_23_2,g__Streptococcus.s__Streptococcus_sp_2_1,g__Streptococcus.s__Streptococcus_sp_Marseille_Q3604,g__Streptococcus.s__Streptococcus_sp_HMSC078H12,g__Streptococcus.s__Streptococcus_sp_SR4,g__Streptococcus.s__Streptococcus_sp_449_SSPC,g__Streptococcus.s__Streptococcus_sp_HMSC10E12,g__Streptococcus.s__Streptococcus_sp_HMSC064D12,g__Streptococcus.s__Streptococcus_sp_FDAARGOS_192,g__Streptococcus.s__Streptococcus_sp_HMSC072D03,g__Streptococcus.s__Streptococcus_sp_HMSC078H03,g__Streptococcus.s__Streptococcus_pneumoniae,g__Streptococcus.s__Streptococcus_sp_HMSC068F04,g__Streptococcus.s__Streptococcus_sp_HSISS1,g__Streptococcus.s__Streptococcus_sp_MSK15_114 )
Found g__Collinsella.s__Collinsella_SGB14754 : 0.05% of mapped reads (  )
Found g__GGB2987.s__GGB2987_SGB3969 : 0.05% of mapped reads (  )
Found t__SGB6473 : 0.05% of mapped reads ( s__Clostridium_sp_CAG_302 )
Found g__GGB9818.s__GGB9818_SGB15459 : 0.05% of mapped reads (  )
Found t__SGB14844 : 0.05% of mapped reads ( s__Firmicutes_bacterium_CAG_94 )
Found g__GGB3510.s__GGB3510_SGB4687 : 0.05% of mapped reads (  )
Found g__GGB9502.s__GGB9502_SGB14899 : 0.05% of mapped reads (  )
Found g__GGB3363.s__GGB3363_SGB4448 : 0.05% of mapped reads (  )
Found t__SGB10068 : 0.05% of mapped reads ( s__Escherichia_coli,g__Shigella.s__Shigella_sonnei,g__Shigella.s__Shigella_flexneri,g__Shigella.s__Shigella_boydii,g__Shigella.s__Shigella_dysenteriae,g__Escherichia.s__Escherichia_sp_HH26CH,g__Escherichia.s__Escherichia_sp_R15,g__Escherichia.s__Escherichia_sp_HH41S,g__Escherichia.s__Escherichia_sp_KCJ4928,g__Escherichia.s__Escherichia_sp_MOD1_EC5287,g__Escherichia.s__Escherichia_sp_R16,g__Escherichia.s__Escherichia_sp_MOD1_EC5189,g__Escherichia.s__Escherichia_sp_94_0001,g__Escherichia.s__Escherichia_sp_R11,g__Shigella.s__Shigella_sp_FC1567,g__Shigella.s__Shigella_sp_FC1661,g__Escherichia.s__Escherichia_sp_1_1_43,g__Escherichia.s__Escherichia_sp_R14,g__Escherichia.s__Escherichia_sp_SCLE84,g__Escherichia.s__Escherichia_sp_MOD1_EC1915,g__Escherichia.s__Escherichia_sp_DSM_109009,g__Escherichia.s__Escherichia_sp_MOD1_EC6021,g__Escherichia.s__Escherichia_sp_79_0191,g__Escherichia.s__Escherichia_sp_MOD1_EC5990,g__Escherichia.s__Escherichia_sp_KCJ4943,g__Escherichia.s__Escherichia_sp_MOD1_EC6300,g__Shigella.s__Shigella_sp_SHS_8,g__Escherichia.s__Escherichia_sp_R3,g__Escherichia.s__Escherichia_sp_MOD1_EC4550,g__Escherichia.s__Escherichia_sp_7785,g__Escherichia.s__Escherichia_sp_JL983,g__Escherichia.s__Escherichia_sp_R12,g__Shigella.s__Shigella_sp_FC2383,g__Escherichia.s__Escherichia_sp_R7,g__Escherichia.s__Escherichia_sp_MOD1_EC2449,g__Shigella.s__Shigella_sp_FC1544,g__Escherichia.s__Escherichia_sp_MOD1_EC4516,g__Shigella.s__Shigella_sp_FC2175,g__Escherichia.s__Escherichia_sp_R8,g__Escherichia.s__Escherichia_sp_TW15838,g__Escherichia.s__Escherichia_sp_0_2392,g__Escherichia.s__Escherichia_sp_R18,g__Escherichia.s__Escherichia_sp_4_1_40B,g__Enterobacteriaceae_unclassified.s__Enterobacteriaceae_bacterium,g__Escherichia.s__Escherichia_fergusonii,g__Shigella.s__Shigella_sp_SHS_2,g__Escherichia.s__Escherichia_sp_R6,g__Shigella.s__Shigella_sp_FC1056,g__Escherichia.s__Escherichia_sp_MOD1_EC4560,g__Shigella.s__Shigella_sp_FC2541,g__Escherichia.s__Escherichia_sp_XD100,g__Escherichia.s__Escherichia_sp_S2_ASV_4,g__Escherichia.s__Escherichia_sp_TM_G17TGC,g__Enterobacteriaceae_unclassified.s__Enterobacteriaceae_bacterium_MCC505,g__Escherichia.s__Escherichia_sp_XD33,g__Escherichia.s__Escherichia_sp_S85_ASV_4,g__Escherichia.s__Escherichia_sp_XD11,g__Escherichia.s__Escherichia_sp_M623,g__Shigella.s__Shigella_sp_FC6543,g__Shigella.s__Shigella_sp_PIB,g__Escherichia.s__Escherichia_sp_NT45,g__Escherichia.s__Escherichia_sp_M612,g__Escherichia.s__Escherichia_sp_XD115,g__Escherichia.s__Escherichia_sp_M609,g__Escherichia.s__Escherichia_sp_M626,g__Escherichia.s__Escherichia_sp_M593,g__Escherichia.s__Escherichia_sp_M608,g__Escherichia.s__Escherichia_sp_NIC18_1,g__Escherichia.s__Escherichia_sp_TF21_Red,g__Enterobacteriaceae_unclassified.s__Enterobacteriaceae_bacterium_CLA_AA_H239,g__Shigella.s__Shigella_sp_FC6485,g__Escherichia.s__Escherichia_sp_NIC33,g__Escherichia.s__Escherichia_sp_XD12 )
Found t__SGB9271 : 0.05% of mapped reads ( s__Sutterella_sp_CAG_351 )
Found t__SGB14306 : 0.05% of mapped reads ( s__Clostridium_sp_CAG_138 )
Found g__GGB1662.s__GGB1662_SGB2276 : 0.05% of mapped reads (  )
Found g__Alistipes.s__Alistipes_senegalensis : 0.04% of mapped reads (  )
Found g__GGB9056.s__GGB9056_SGB13964 : 0.04% of mapped reads (  )
Found t__SGB6312 : 0.04% of mapped reads ( s__Clostridium_sp_CAG_567 )
Found g__GGB9563.s__GGB9563_SGB14975 : 0.04% of mapped reads (  )
Found t__SGB4563 : 0.04% of mapped reads ( s__Ruminococcus_torques,g__Mediterraneibacter.s__Ruminococcus_torques,g__Ruminococcus.s__Ruminococcus_sp_AF31_14BH,g__Ruminococcus.s__Ruminococcus_sp_TF08_4,g__Ruminococcus.s__Ruminococcus_sp_AF32_2AC,g__Ruminococcus.s__Ruminococcus_sp_AM33_14,g__Ruminococcus.s__Ruminococcus_sp_AM09_18_1,g__Ruminococcus.s__Ruminococcus_sp_OM08_13AT,g__Ruminococcus.s__Ruminococcus_sp_AM41_2AC,g__Ruminococcus.s__Ruminococcus_sp_OM07_7,g__Ruminococcus.s__Ruminococcus_sp_AF25_13,g__Ruminococcus.s__Ruminococcus_sp_AF12_5,g__Ruminococcus.s__Ruminococcus_sp_TF10_6,g__Ruminococcus.s__Ruminococcus_sp_AF27_11AA,g__Mediterraneibacter.s__Mediterraneibacter_sp_210702_DFI_3_120,g__Bacteria_unclassified.s__bacterium_TM473,g__Lachnospiraceae_unclassified.s__Lachnospiraceae_bacterium_210521_DFI_1_105,g__Mediterraneibacter.s__Mediterraneibacter_sp_210702_DFI_5_30,g__Lachnospiraceae_unclassified.s__Lachnospiraceae_bacterium_210521_DFI_3_107 )
Found t__SGB15271 : 0.04% of mapped reads ( s__Ruthenibacterium_lactatiformans,g__Oscillospiraceae_unclassified.s__Ruminococcaceae_bacterium_cv2 )
Found t__SGB15156 : 0.04% of mapped reads ( s__Pseudoflavonifractor_sp_An184,g__Pseudoflavonifractor.s__Pseudoflavonifractor_sp_An184 )
Found g__GGB9667.s__GGB9667_SGB15164 : 0.04% of mapped reads (  )
Found g__Lentihominibacter.s__Lentihominibacter_SGB71368 : 0.03% of mapped reads (  )
Found g__Clostridia_unclassified.s__Clostridia_bacterium_UC5_1_1D1 : 0.03% of mapped reads ( g__Agathobaculum.s__Agathobaculum_sp_NSJ_28,g__Intestinibacillus.s__Intestinibacillus_sp_Marseille_P4005,g__Eubacteriales_unclassified.s__Clostridiales_bacterium )
Found g__GGB4769.s__GGB4769_SGB6602 : 0.03% of mapped reads (  )
Found g__Merdimonas.s__Merdimonas_faecis : 0.03% of mapped reads (  )
Found g__GGB9775.s__GGB9775_SGB15395 : 0.03% of mapped reads (  )
Found g__GGB45620.s__GGB45620_SGB63333 : 0.03% of mapped reads (  )
Found g__GGB9614.s__GGB9614_SGB15049 : 0.03% of mapped reads (  )
Found t__SGB14963 : 0.03% of mapped reads ( s__Anaerotruncus_colihominis,g__Eubacteriales_unclassified.s__Clostridiales_bacterium_VE202_13 )
Found t__SGB15089 : 0.03% of mapped reads ( s__Firmicutes_bacterium_CAG_83 )
Found g__Blautia.s__Blautia_faecis : 0.03% of mapped reads ( g__Blautia.s__Blautia_glucerasea,g__Ruminococcus.s__Ruminococcus_sp_1001713B170214_170313_A12,g__Ruminococcus.s__Ruminococcus_sp_D54t1_190329_F1,g__Ruminococcus.s__Ruminococcus_sp_J1101004_170508_H5,g__Ruminococcus.s__Ruminococcus_sp_1001275B_160808_F8,g__Ruminococcus.s__Ruminococcus_sp_1001713B170207_170306_F1,g__Ruminococcus.s__Ruminococcus_sp_AM42_11,g__Ruminococcus.s__Ruminococcus_sp_D55t1_190419_H1,g__Oscillospiraceae_unclassified.s__Oscillospiraceae_bacterium,g__Ruminococcus.s__Ruminococcus_sp_D40t1_170626_H2,g__Ruminococcus.s__Ruminococcus_sp_1001136B_160425_D2,g__Bacteria_unclassified.s__bacterium_210702_DFI_5_13,g__Blautia.s__Blautia_sp_210702_DFI_1_159 )
Found g__GGB9781.s__GGB9781_SGB15402 : 0.03% of mapped reads (  )
Found g__Butyricimonas.s__Butyricimonas_paravirosa : 0.03% of mapped reads ( g__Butyricimonas.s__Butyricimonas_sp_An62,g__Butyricimonas.s__Butyricimonas_sp_BSD2780061689_150309_C8,g__Odoribacteraceae_unclassified.s__Odoribacteraceae_bacterium )
Found t__SGB15140 : 0.03% of mapped reads ( s__Pseudoflavonifractor_capillosus,g__Eubacteriales_unclassified.s__Clostridiales_bacterium )
Found t__SGB9262 : 0.03% of mapped reads ( s__Parasutterella_excrementihominis,g__Burkholderiales_unclassified.s__Burkholderiales_bacterium,g__Burkholderiales_unclassified.s__Burkholderiales_bacterium_1_1_47 )
Found t__SGB14894 : 0.03% of mapped reads ( s__Anaeromassilibacillus_sp_An250,g__Anaeromassilibacillus.s__Anaeromassilibacillus_sp_An250,g__Anaeromassilibacillus.s__Anaeromassilibacillus_sp_D41t1_190614_C2,g__Anaeromassilibacillus.s__Anaeromassilibacillus_sp_1001302B_160321_C8 )
Found g__Zhenpiania.s__Zhenpiania_hominis : 0.03% of mapped reads (  )
Found g__GGB2970.s__GGB2970_SGB3952 : 0.03% of mapped reads (  )
Found t__SGB15126 : 0.02% of mapped reads ( s__Intestinimonas_butyriciproducens )
Found t__SGB14773 : 0.02% of mapped reads ( s__Slackia_isoflavoniconvertens )
Found g__Blautia.s__Blautia_luti : 0.02% of mapped reads (  )
Found g__Dysosmobacter.s__Dysosmobacter_SGB15077 : 0.02% of mapped reads (  )
Found g__Blautia.s__Blautia_SGB4815 : 0.02% of mapped reads (  )
Found t__SGB14752 : 0.02% of mapped reads ( s__Collinsella_massiliensis,g__Enorma.s__Enorma_timonensis )
Found g__GGB9783.s__GGB9783_SGB15405 : 0.02% of mapped reads (  )
Found g__Eubacteriales_unclassified.s__Clostridiales_bacterium : 0.01% of mapped reads ( g__Flintibacter.s__Flintibacter_sp_NSJ_23 )
Found g__GGB3000.s__GGB3000_SGB3991 : 0.02% of mapped reads (  )
Found g__GGB2653.s__GGB2653_SGB3574 : 0.02% of mapped reads (  )
Found g__GGB9531.s__GGB9531_SGB14932 : 0.02% of mapped reads (  )
Found t__SGB5082 : 0.02% of mapped reads ( s__Eubacterium_eligens,g__Eubacterium.s__Eubacterium_sp_AM49_13BH )
Found t__SGB4651 : 0.02% of mapped reads ( s__Clostridium_sp_CAG_230 )
Found g__Clostridiaceae_unclassified.s__Clostridiaceae_bacterium_AF18_31LB : 0.02% of mapped reads ( g__Eubacteriales_unclassified.s__Clostridiales_bacterium_AM23_16LB,g__Clostridiaceae_unclassified.s__Clostridiaceae_bacterium_AF31_3BH,g__Clostridiaceae_unclassified.s__Clostridiaceae_bacterium_OF09_1,g__Clostridiaceae_unclassified.s__Clostridiaceae_bacterium_AF42_6,g__Clostridiaceae_unclassified.s__Clostridiaceae_bacterium_AM27_36LB,g__Lachnospiraceae_unclassified.s__Lachnospiraceae_bacterium,g__Clostridiaceae_unclassified.s__Clostridiaceae_bacterium_AF29_16BH )
Found g__GGB9529.s__GGB9529_SGB14929 : 0.02% of mapped reads (  )
Found g__GGB48165.s__GGB48165_SGB66168 : 0.02% of mapped reads (  )
Found g__GGB9334.s__GGB9334_SGB14297 : 0.02% of mapped reads (  )
Found g__GGB9621.s__GGB9621_SGB15073 : 0.02% of mapped reads (  )
Found g__Bacteria_unclassified.s__bacterium_210917_SL_2_15 : 0.02% of mapped reads (  )
Found t__SGB4774 : 0.02% of mapped reads ( s__Lachnoclostridium_sp_An138 )
Found t__SGB4936 : 0.02% of mapped reads ( s__Roseburia_hominis )
Found g__Clostridium.s__Clostridium_SGB4750 : 0.01% of mapped reads (  )
Found g__GGB9619.s__GGB9619_SGB15067 : 0.01% of mapped reads (  )
Found g__GGB38744.s__GGB38744_SGB14842 : 0.01% of mapped reads (  )
Found g__GGB4802.s__GGB4802_SGB6641 : 0.01% of mapped reads (  )
Found g__GGB9788.s__GGB9788_SGB15411 : 0.01% of mapped reads (  )
Found g__Jingyaoa.s__Jingyaoa_shaoxingensis : 0.01% of mapped reads (  )
Found g__GGB4597.s__GGB4597_SGB6359 : 0.01% of mapped reads (  )
Found g__GGB9545.s__GGB9545_SGB14951 : 0.01% of mapped reads (  )
Found t__SGB10083 : 0.01% of mapped reads ( s__Citrobacter_freundii,g__Citrobacter.s__Citrobacter_sp_MGH109,g__Citrobacter.s__Citrobacter_sp_KTE30,g__Citrobacter.s__Citrobacter_sp_MGH99,g__Citrobacter.s__Citrobacter_sp_AATXR,g__Citrobacter.s__Citrobacter_sp_MGH104,g__Citrobacter.s__Citrobacter_freundii_complex_sp_CFNIH7,g__Citrobacter.s__Citrobacter_sp_AATXQ,g__Citrobacter.s__Citrobacter_sp_LUTT5,g__Citrobacter.s__Citrobacter_sp_BIDMC107,g__Citrobacter.s__Citrobacter_sp_A1,g__Citrobacter.s__Citrobacter_freundii_complex_sp_CFNIH8,g__Citrobacter.s__Citrobacter_sp_CF971,g__Citrobacter.s__Citrobacter_sp_wls712 )
Found t__SGB1786 : 0.01% of mapped reads ( s__Butyricimonas_synergistica )
Found g__Eubacteriaceae_unclassified.s__Eubacteriaceae_bacterium : 0.01% of mapped reads (  )
Found g__GGB9770.s__GGB9770_SGB15389 : 0.01% of mapped reads (  )
Found t__SGB4614 : 0.01% of mapped reads ( s__Hungatella_hathewayi,g__Hungatella.s__Hungatella_hathewayi,g__Eubacteriales_unclassified.s__Clostridiales_bacterium_VE202_21,g__Muricomes.s__Muricomes_sp_OA1 )
Found g__GGB9782.s__GGB9782_SGB15403 : 0.01% of mapped reads (  )
Found g__GGB9547.s__GGB9547_SGB14954 : 0.01% of mapped reads (  )
Found g__GGB3061.s__GGB3061_SGB4063 : 0.01% of mapped reads (  )
Found g__GGB9533.s__GGB9533_SGB14936 : 0.01% of mapped reads (  )
Found t__SGB4762 : 0.01% of mapped reads ( s__Clostridium_aldenense,g__Eubacteriales_unclassified.s__Clostridiales_bacterium_AHG0011,g__Lachnospiraceae_unclassified.s__Lachnospiraceae_bacterium )
Found g__GGB9767.s__GGB9767_SGB15384 : 0.01% of mapped reads (  )

Total species selected from prescreen: 774

Selected species explain 83.75% of predicted community composition


Creating custom ChocoPhlAn database ........


Running bowtie2-build ........


Running bowtie2 ........

Total bugs from nucleotide alignment: 107
g__Roseburia.s__Roseburia_intestinalis: 825336 hits
g__Roseburia.s__Roseburia_faecis: 9071701 hits
g__Faecalibacterium.s__Faecalibacterium_prausnitzii: 7448662 hits
g__Faecalicatena.s__Faecalicatena_contorta: 38124 hits
g__Blautia.s__Blautia_obeum: 1390597 hits
g__Fusicatenibacter.s__Fusicatenibacter_saccharivorans: 1967820 hits
g__Bacteroides.s__Bacteroides_caccae: 1005665 hits
g__Clostridiales_unclassified.s__Clostridiales_bacterium_KLE1615: 107720 hits
g__Bacteroides.s__Bacteroides_eggerthii: 4499332 hits
g__Bacteroides.s__Bacteroides_vulgatus: 7497484 hits
g__Bacteroides.s__Bacteroides_uniformis: 4982819 hits
g__Coprococcus.s__Coprococcus_comes: 261159 hits
g__Subdoligranulum.s__Subdoligranulum_sp_APC924_74: 3883718 hits
g__Eubacterium.s__Eubacterium_hallii: 263950 hits
g__Bifidobacterium.s__Bifidobacterium_adolescentis: 770904 hits
g__Agathobaculum.s__Agathobaculum_butyriciproducens: 598631 hits
g__Bacteroides.s__Bacteroides_dorei: 1939144 hits
g__Bacteroides.s__Bacteroides_thetaiotaomicron: 735014 hits
g__Eubacterium.s__Eubacterium_sp_CAG_180: 815148 hits
g__Alistipes.s__Alistipes_putredinis: 3790826 hits
g__Bacteroides.s__Bacteroides_ovatus: 910187 hits
g__Bacteroides.s__Bacteroides_fragilis: 1300285 hits
g__Blautia.s__Blautia_wexlerae: 860107 hits
g__Bifidobacterium.s__Bifidobacterium_longum: 712813 hits
g__Eubacterium.s__Eubacterium_ventriosum: 549316 hits
g__Akkermansia.s__Akkermansia_muciniphila: 1173628 hits
g__Parabacteroides.s__Parabacteroides_johnsonii: 705132 hits
g__Alistipes.s__Alistipes_shahii: 654684 hits
g__Alistipes.s__Alistipes_onderdonkii: 723525 hits
g__Dorea.s__Dorea_longicatena: 593670 hits
g__Methanobrevibacter.s__Methanobrevibacter_smithii: 71164 hits
g__Lachnospira.s__Lachnospira_pectinoschiza: 372929 hits
g__Ruminococcus.s__Ruminococcus_lactaris: 680563 hits
g__Bacteroides.s__Bacteroides_cellulosilyticus: 756332 hits
g__Lachnospiraceae_unclassified.s__Eubacterium_rectale: 487073 hits
g__Ruminococcus.s__Ruminococcus_bicirculans: 591010 hits
g__Eggerthella.s__Eggerthella_sp_CAG_298: 289287 hits
g__Coprococcus.s__Coprococcus_catus: 113498 hits
g__Anaerostipes.s__Anaerostipes_hadrus: 440119 hits
g__Bacteroides.s__Bacteroides_clarus: 425472 hits
g__Parabacteroides.s__Parabacteroides_distasonis: 815192 hits
g__Firmicutes_unclassified.s__Firmicutes_bacterium_AF16_15: 198479 hits
g__Barnesiella.s__Barnesiella_intestinihominis: 2619111 hits
g__Odoribacter.s__Odoribacter_splanchnicus: 565661 hits
g__Desulfovibrio.s__Desulfovibrio_fairfieldensis: 139497 hits
g__Dialister.s__Dialister_invisus: 495467 hits
g__Eubacterium.s__Eubacterium_sp_CAG_115: 78596 hits
g__Alistipes.s__Alistipes_finegoldii: 1238538 hits
g__Ruthenibacterium.s__Ruthenibacterium_lactatiformans: 137815 hits
g__Flavonifractor.s__Flavonifractor_plautii: 587028 hits
g__Ruminococcus.s__Ruminococcus_bromii: 314041 hits
g__Firmicutes_unclassified.s__Firmicutes_bacterium_CAG_102: 89632 hits
g__Bilophila.s__Bilophila_wadsworthia: 92877 hits
g__Bacteroides.s__Bacteroides_xylanisolvens: 830599 hits
g__Bacteroides.s__Bacteroides_intestinalis: 205292 hits
g__Blautia.s__Ruminococcus_torques: 528589 hits
g__Bacteroides.s__Bacteroides_stercoris: 244822 hits
g__Firmicutes_unclassified.s__Firmicutes_bacterium_CAG_41: 103647 hits
g__Blautia.s__Blautia_sp: 343223 hits
g__Collinsella.s__Collinsella_aerofaciens: 928437 hits
g__Dorea.s__Dorea_formicigenerans: 370137 hits
g__Firmicutes_unclassified.s__Firmicutes_bacterium_CAG_94: 69984 hits
g__Senegalimassilia.s__Senegalimassilia_anaerobia: 356299 hits
g__Slackia.s__Slackia_isoflavoniconvertens: 32028 hits
g__Butyricimonas.s__Butyricimonas_synergistica: 50632 hits
g__Lachnoclostridium.s__Lachnoclostridium_sp_An138: 35766 hits
g__Eubacterium.s__Eubacterium_sp_CAG_38: 65426 hits
g__Lawsonibacter.s__Lawsonibacter_asaccharolyticus: 129180 hits
g__Firmicutes_unclassified.s__Firmicutes_bacterium_CAG_83: 21875 hits
g__Sellimonas.s__Sellimonas_intestinalis: 97016 hits
g__Pseudoflavonifractor.s__Pseudoflavonifractor_sp_An184: 83466 hits
g__Ruminococcus.s__Ruminococcus_sp_CAG_353: 182015 hits
g__Anaeromassilibacillus.s__Anaeromassilibacillus_sp_An250: 103904 hits
g__Roseburia.s__Roseburia_inulinivorans: 414520 hits
g__Faecalicoccus.s__Faecalicoccus_pleomorphus: 62131 hits
g__Anaerotruncus.s__Anaerotruncus_colihominis: 122042 hits
g__Clostridium.s__Clostridium_sp_CAG_302: 38370 hits
g__Pseudoflavonifractor.s__Pseudoflavonifractor_capillosus: 116901 hits
g__Alistipes.s__Alistipes_indistinctus: 124394 hits
g__Parasutterella.s__Parasutterella_excrementihominis: 54676 hits
g__Roseburia.s__Roseburia_hominis: 196624 hits
g__Hungatella.s__Hungatella_hathewayi: 192520 hits
g__Streptococcus.s__Streptococcus_pneumoniae: 35189 hits
g__Clostridium.s__Clostridium_sp_CAG_567: 37626 hits
g__Butyricimonas.s__Butyricimonas_virosa: 152283 hits
g__Intestinimonas.s__Intestinimonas_butyriciproducens: 47626 hits
g__Clostridium.s__Clostridium_sp_AF36_4: 76022 hits
g__Clostridium.s__Clostridium_sp_CAG_58: 89337 hits
g__Coprococcus.s__Coprococcus_eutactus: 61736 hits
g__Clostridium.s__Clostridium_sp_CAG_75: 77592 hits
g__Clostridium.s__Clostridium_sp_CAG_138: 23247 hits
g__Citrobacter.s__Citrobacter_freundii: 16265 hits
g__Escherichia.s__Escherichia_coli: 97163 hits
g__Eubacterium.s__Eubacterium_eligens: 100951 hits
g__Bacteroides.s__Bacteroides_sp_CAG_144: 51420 hits
g__Sutterella.s__Sutterella_sp_CAG_351: 31962 hits
g__Streptococcus.s__Streptococcus_salivarius: 46970 hits
g__Proteobacteria_unclassified.s__Proteobacteria_bacterium_CAG_139: 108519 hits
g__Firmicutes_unclassified.s__Firmicutes_bacterium_CAG_170: 64150 hits
g__Lachnoclostridium.s__Clostridium_aldenense: 21110 hits
g__Enorma.s__Collinsella_massiliensis: 20375 hits
g__Clostridium.s__Clostridium_sp_CAG_230: 15373 hits
g__Oscillibacter.s__Oscillibacter_valericigenes: 1710 hits
g__Desulfovibrionaceae_unclassified.s__Desulfovibrionaceae_bacterium: 1609 hits
g__Escherichia.s__Escherichia_fergusonii: 1106 hits
g__Eubacteriaceae_unclassified.s__Eubacteriaceae_bacterium: 2470 hits
g__Hydrogenoanaerobacterium.s__Hydrogenoanaerobacterium_saccharovorans: 6 hits

Total gene families from nucleotide alignment: 276492

Unaligned reads after nucleotide alignment: 37.2123645949 %


Running diamond ........


Aligning to reference database: uniref90_201901b_full.dmnd

Total bugs after translated alignment: 108
g__Roseburia.s__Roseburia_intestinalis: 825336 hits
g__Roseburia.s__Roseburia_faecis: 9071701 hits
g__Faecalibacterium.s__Faecalibacterium_prausnitzii: 7448662 hits
g__Faecalicatena.s__Faecalicatena_contorta: 38124 hits
g__Blautia.s__Blautia_obeum: 1390597 hits
g__Fusicatenibacter.s__Fusicatenibacter_saccharivorans: 1967820 hits
g__Bacteroides.s__Bacteroides_caccae: 1005665 hits
g__Clostridiales_unclassified.s__Clostridiales_bacterium_KLE1615: 107720 hits
g__Bacteroides.s__Bacteroides_eggerthii: 4499332 hits
g__Bacteroides.s__Bacteroides_vulgatus: 7497484 hits
g__Bacteroides.s__Bacteroides_uniformis: 4982819 hits
g__Coprococcus.s__Coprococcus_comes: 261159 hits
g__Subdoligranulum.s__Subdoligranulum_sp_APC924_74: 3883718 hits
g__Eubacterium.s__Eubacterium_hallii: 263950 hits
g__Bifidobacterium.s__Bifidobacterium_adolescentis: 770904 hits
g__Agathobaculum.s__Agathobaculum_butyriciproducens: 598631 hits
g__Bacteroides.s__Bacteroides_dorei: 1939144 hits
g__Bacteroides.s__Bacteroides_thetaiotaomicron: 735014 hits
g__Eubacterium.s__Eubacterium_sp_CAG_180: 815148 hits
g__Alistipes.s__Alistipes_putredinis: 3790826 hits
g__Bacteroides.s__Bacteroides_ovatus: 910187 hits
g__Bacteroides.s__Bacteroides_fragilis: 1300285 hits
g__Blautia.s__Blautia_wexlerae: 860107 hits
g__Bifidobacterium.s__Bifidobacterium_longum: 712813 hits
g__Eubacterium.s__Eubacterium_ventriosum: 549316 hits
g__Akkermansia.s__Akkermansia_muciniphila: 1173628 hits
g__Parabacteroides.s__Parabacteroides_johnsonii: 705132 hits
g__Alistipes.s__Alistipes_shahii: 654684 hits
g__Alistipes.s__Alistipes_onderdonkii: 723525 hits
g__Dorea.s__Dorea_longicatena: 593670 hits
g__Methanobrevibacter.s__Methanobrevibacter_smithii: 71164 hits
g__Lachnospira.s__Lachnospira_pectinoschiza: 372929 hits
g__Ruminococcus.s__Ruminococcus_lactaris: 680563 hits
g__Bacteroides.s__Bacteroides_cellulosilyticus: 756332 hits
g__Lachnospiraceae_unclassified.s__Eubacterium_rectale: 487073 hits
g__Ruminococcus.s__Ruminococcus_bicirculans: 591010 hits
g__Eggerthella.s__Eggerthella_sp_CAG_298: 289287 hits
g__Coprococcus.s__Coprococcus_catus: 113498 hits
g__Anaerostipes.s__Anaerostipes_hadrus: 440119 hits
g__Bacteroides.s__Bacteroides_clarus: 425472 hits
g__Parabacteroides.s__Parabacteroides_distasonis: 815192 hits
g__Firmicutes_unclassified.s__Firmicutes_bacterium_AF16_15: 198479 hits
g__Barnesiella.s__Barnesiella_intestinihominis: 2619111 hits
g__Odoribacter.s__Odoribacter_splanchnicus: 565661 hits
g__Desulfovibrio.s__Desulfovibrio_fairfieldensis: 139497 hits
g__Dialister.s__Dialister_invisus: 495467 hits
g__Eubacterium.s__Eubacterium_sp_CAG_115: 78596 hits
g__Alistipes.s__Alistipes_finegoldii: 1238538 hits
g__Ruthenibacterium.s__Ruthenibacterium_lactatiformans: 137815 hits
g__Flavonifractor.s__Flavonifractor_plautii: 587028 hits
g__Ruminococcus.s__Ruminococcus_bromii: 314041 hits
g__Firmicutes_unclassified.s__Firmicutes_bacterium_CAG_102: 89632 hits
g__Bilophila.s__Bilophila_wadsworthia: 92877 hits
g__Bacteroides.s__Bacteroides_xylanisolvens: 830599 hits
g__Bacteroides.s__Bacteroides_intestinalis: 205292 hits
g__Blautia.s__Ruminococcus_torques: 528589 hits
g__Bacteroides.s__Bacteroides_stercoris: 244822 hits
g__Firmicutes_unclassified.s__Firmicutes_bacterium_CAG_41: 103647 hits
g__Blautia.s__Blautia_sp: 343223 hits
g__Collinsella.s__Collinsella_aerofaciens: 928437 hits
g__Dorea.s__Dorea_formicigenerans: 370137 hits
g__Firmicutes_unclassified.s__Firmicutes_bacterium_CAG_94: 69984 hits
g__Senegalimassilia.s__Senegalimassilia_anaerobia: 356299 hits
g__Slackia.s__Slackia_isoflavoniconvertens: 32028 hits
g__Butyricimonas.s__Butyricimonas_synergistica: 50632 hits
g__Lachnoclostridium.s__Lachnoclostridium_sp_An138: 35766 hits
g__Eubacterium.s__Eubacterium_sp_CAG_38: 65426 hits
g__Lawsonibacter.s__Lawsonibacter_asaccharolyticus: 129180 hits
g__Firmicutes_unclassified.s__Firmicutes_bacterium_CAG_83: 21875 hits
g__Sellimonas.s__Sellimonas_intestinalis: 97016 hits
g__Pseudoflavonifractor.s__Pseudoflavonifractor_sp_An184: 83466 hits
g__Ruminococcus.s__Ruminococcus_sp_CAG_353: 182015 hits
g__Anaeromassilibacillus.s__Anaeromassilibacillus_sp_An250: 103904 hits
g__Roseburia.s__Roseburia_inulinivorans: 414520 hits
g__Faecalicoccus.s__Faecalicoccus_pleomorphus: 62131 hits
g__Anaerotruncus.s__Anaerotruncus_colihominis: 122042 hits
g__Clostridium.s__Clostridium_sp_CAG_302: 38370 hits
g__Pseudoflavonifractor.s__Pseudoflavonifractor_capillosus: 116901 hits
g__Alistipes.s__Alistipes_indistinctus: 124394 hits
g__Parasutterella.s__Parasutterella_excrementihominis: 54676 hits
g__Roseburia.s__Roseburia_hominis: 196624 hits
g__Hungatella.s__Hungatella_hathewayi: 192520 hits
g__Streptococcus.s__Streptococcus_pneumoniae: 35189 hits
g__Clostridium.s__Clostridium_sp_CAG_567: 37626 hits
g__Butyricimonas.s__Butyricimonas_virosa: 152283 hits
g__Intestinimonas.s__Intestinimonas_butyriciproducens: 47626 hits
g__Clostridium.s__Clostridium_sp_AF36_4: 76022 hits
g__Clostridium.s__Clostridium_sp_CAG_58: 89337 hits
g__Coprococcus.s__Coprococcus_eutactus: 61736 hits
g__Clostridium.s__Clostridium_sp_CAG_75: 77592 hits
g__Clostridium.s__Clostridium_sp_CAG_138: 23247 hits
g__Citrobacter.s__Citrobacter_freundii: 16265 hits
g__Escherichia.s__Escherichia_coli: 97163 hits
g__Eubacterium.s__Eubacterium_eligens: 100951 hits
g__Bacteroides.s__Bacteroides_sp_CAG_144: 51420 hits
g__Sutterella.s__Sutterella_sp_CAG_351: 31962 hits
g__Streptococcus.s__Streptococcus_salivarius: 46970 hits
g__Proteobacteria_unclassified.s__Proteobacteria_bacterium_CAG_139: 108519 hits
g__Firmicutes_unclassified.s__Firmicutes_bacterium_CAG_170: 64150 hits
g__Lachnoclostridium.s__Clostridium_aldenense: 21110 hits
g__Enorma.s__Collinsella_massiliensis: 20375 hits
g__Clostridium.s__Clostridium_sp_CAG_230: 15373 hits
g__Oscillibacter.s__Oscillibacter_valericigenes: 1710 hits
g__Desulfovibrionaceae_unclassified.s__Desulfovibrionaceae_bacterium: 1609 hits
g__Escherichia.s__Escherichia_fergusonii: 1106 hits
g__Eubacteriaceae_unclassified.s__Eubacteriaceae_bacterium: 2470 hits
g__Hydrogenoanaerobacterium.s__Hydrogenoanaerobacterium_saccharovorans: 6 hits
unclassified: 15787912 hits

Total gene families after translated alignment: 488459

Unaligned reads after translated alignment: 26.3493306382 %


Computing gene families ...

Computing pathways abundance and coverage ...

Output files created: 
/ETyZOk/HV02_R1_fused_genefamilies.tsv
/ETyZOk/HV02_R1_fused_pathabundance.tsv
/ETyZOk/HV02_R1_fused_pathcoverage.tsv

[1;30mINFO[0m [job humann3] Max memory used: 45335MiB
[1;30mINFO[0m [job humann3] completed success
[1;30mINFO[0m [step humann3] completed success
[1;30mINFO[0m [workflow ] completed success
{
    "gene_families": {
        "location": "file:///backup/fpantini/HumannResults/HV02/HV02_R1_fused_genefamilies.tsv",
        "basename": "HV02_R1_fused_genefamilies.tsv",
        "class": "File",
        "checksum": "sha1$8eda359c2d558048987f6febd6a3104e7e1557df",
        "size": 54446807,
        "path": "/backup/fpantini/HumannResults/HV02/HV02_R1_fused_genefamilies.tsv"
    },
    "path_abundance": {
        "location": "file:///backup/fpantini/HumannResults/HV02/HV02_R1_fused_pathabundance.tsv",
        "basename": "HV02_R1_fused_pathabundance.tsv",
        "class": "File",
        "checksum": "sha1$fe32b2076d004a26989c4e4520c7fd032151635b",
        "size": 569666,
        "path": "/backup/fpantini/HumannResults/HV02/HV02_R1_fused_pathabundance.tsv"
    },
    "path_coverage": {
        "location": "file:///backup/fpantini/HumannResults/HV02/HV02_R1_fused_pathcoverage.tsv",
        "basename": "HV02_R1_fused_pathcoverage.tsv",
        "class": "File",
        "checksum": "sha1$2809a213145bff8b66d148ad6616a29e7609387d",
        "size": 560495,
        "path": "/backup/fpantini/HumannResults/HV02/HV02_R1_fused_pathcoverage.tsv"
    },
    "temp_dir": {
        "location": "file:///backup/fpantini/HumannResults/HV02/HV02_R1_fused_humann_temp",
        "basename": "HV02_R1_fused_humann_temp",
        "class": "Directory",
        "listing": [
            {
                "class": "File",
                "location": "file:///backup/fpantini/HumannResults/HV02/HV02_R1_fused_humann_temp/HV02_R1_fused.log",
                "basename": "HV02_R1_fused.log",
                "size": 544016,
                "checksum": "sha1$0440c578f085c66035fd296299182ef9f0f98820",
                "path": "/backup/fpantini/HumannResults/HV02/HV02_R1_fused_humann_temp/HV02_R1_fused.log"
            },
            {
                "class": "File",
                "location": "file:///backup/fpantini/HumannResults/HV02/HV02_R1_fused_humann_temp/HV02_R1_fused_custom_chocophlan_database.ffn",
                "basename": "HV02_R1_fused_custom_chocophlan_database.ffn",
                "size": 1003400558,
                "checksum": "sha1$3c9fa3b15b7c376da2b660d20006068d97dfffbe",
                "path": "/backup/fpantini/HumannResults/HV02/HV02_R1_fused_humann_temp/HV02_R1_fused_custom_chocophlan_database.ffn"
            },
            {
                "class": "File",
                "location": "file:///backup/fpantini/HumannResults/HV02/HV02_R1_fused_humann_temp/HV02_R1_fused_bowtie2_index.3.bt2",
                "basename": "HV02_R1_fused_bowtie2_index.3.bt2",
                "size": 8890073,
                "checksum": "sha1$f70d2dee927c27f0cb9c2bf3644f9dbf070b4210",
                "path": "/backup/fpantini/HumannResults/HV02/HV02_R1_fused_humann_temp/HV02_R1_fused_bowtie2_index.3.bt2"
            },
            {
                "class": "File",
                "location": "file:///backup/fpantini/HumannResults/HV02/HV02_R1_fused_humann_temp/HV02_R1_fused_bowtie2_index.4.bt2",
                "basename": "HV02_R1_fused_bowtie2_index.4.bt2",
                "size": 202693701,
                "checksum": "sha1$fd395b7567ef2dd9a89f539ed6278457559d4843",
                "path": "/backup/fpantini/HumannResults/HV02/HV02_R1_fused_humann_temp/HV02_R1_fused_bowtie2_index.4.bt2"
            },
            {
                "class": "File",
                "location": "file:///backup/fpantini/HumannResults/HV02/HV02_R1_fused_humann_temp/HV02_R1_fused_bowtie2_index.1.bt2",
                "basename": "HV02_R1_fused_bowtie2_index.1.bt2",
                "size": 480845698,
                "checksum": "sha1$1ab7f4bfd6cbedf68acf7fd8f8ce360e109fb4cf",
                "path": "/backup/fpantini/HumannResults/HV02/HV02_R1_fused_humann_temp/HV02_R1_fused_bowtie2_index.1.bt2"
            },
            {
                "class": "File",
                "location": "file:///backup/fpantini/HumannResults/HV02/HV02_R1_fused_humann_temp/HV02_R1_fused_bowtie2_index.2.bt2",
                "basename": "HV02_R1_fused_bowtie2_index.2.bt2",
                "size": 202693708,
                "checksum": "sha1$a5259316290c0103d99ae290716f1e398d3cebef",
                "path": "/backup/fpantini/HumannResults/HV02/HV02_R1_fused_humann_temp/HV02_R1_fused_bowtie2_index.2.bt2"
            },
            {
                "class": "File",
                "location": "file:///backup/fpantini/HumannResults/HV02/HV02_R1_fused_humann_temp/HV02_R1_fused_bowtie2_index.rev.1.bt2",
                "basename": "HV02_R1_fused_bowtie2_index.rev.1.bt2",
                "size": 480845698,
                "checksum": "sha1$70f5bfc4d4b72a3eaefe643bb7caf950dea2ce1b",
                "path": "/backup/fpantini/HumannResults/HV02/HV02_R1_fused_humann_temp/HV02_R1_fused_bowtie2_index.rev.1.bt2"
            },
            {
                "class": "File",
                "location": "file:///backup/fpantini/HumannResults/HV02/HV02_R1_fused_humann_temp/HV02_R1_fused_bowtie2_index.rev.2.bt2",
                "basename": "HV02_R1_fused_bowtie2_index.rev.2.bt2",
                "size": 202693708,
                "checksum": "sha1$2c63de9d61042e95e749f22fdaa09c6a2a81c5f3",
                "path": "/backup/fpantini/HumannResults/HV02/HV02_R1_fused_humann_temp/HV02_R1_fused_bowtie2_index.rev.2.bt2"
            },
            {
                "class": "File",
                "location": "file:///backup/fpantini/HumannResults/HV02/HV02_R1_fused_humann_temp/HV02_R1_fused_bowtie2_aligned.sam",
                "basename": "HV02_R1_fused_bowtie2_aligned.sam",
                "size": 68296432038,
                "checksum": "sha1$5bcc996f1e8dd2216c66424b64eeeedfa6ef6a3a",
                "path": "/backup/fpantini/HumannResults/HV02/HV02_R1_fused_humann_temp/HV02_R1_fused_bowtie2_aligned.sam"
            },
            {
                "class": "File",
                "location": "file:///backup/fpantini/HumannResults/HV02/HV02_R1_fused_humann_temp/HV02_R1_fused_bowtie2_aligned.tsv",
                "basename": "HV02_R1_fused_bowtie2_aligned.tsv",
                "size": 22445452106,
                "checksum": "sha1$0d990d79187b873c6d35893a78cbad2da6916fcc",
                "path": "/backup/fpantini/HumannResults/HV02/HV02_R1_fused_humann_temp/HV02_R1_fused_bowtie2_aligned.tsv"
            },
            {
                "class": "File",
                "location": "file:///backup/fpantini/HumannResults/HV02/HV02_R1_fused_humann_temp/HV02_R1_fused_bowtie2_unaligned.fa",
                "basename": "HV02_R1_fused_bowtie2_unaligned.fa",
                "size": 9849619155,
                "checksum": "sha1$e169e9eb0f1e80c2dec826c7272b81a33851154f",
                "path": "/backup/fpantini/HumannResults/HV02/HV02_R1_fused_humann_temp/HV02_R1_fused_bowtie2_unaligned.fa"
            },
            {
                "class": "File",
                "location": "file:///backup/fpantini/HumannResults/HV02/HV02_R1_fused_humann_temp/HV02_R1_fused_diamond_aligned.tsv",
                "basename": "HV02_R1_fused_diamond_aligned.tsv",
                "size": 6493409469,
                "checksum": "sha1$37f7892e3d9d372f49d559a406e52fa6ad46ee27",
                "path": "/backup/fpantini/HumannResults/HV02/HV02_R1_fused_humann_temp/HV02_R1_fused_diamond_aligned.tsv"
            },
            {
                "class": "File",
                "location": "file:///backup/fpantini/HumannResults/HV02/HV02_R1_fused_humann_temp/HV02_R1_fused_diamond_unaligned.fa",
                "basename": "HV02_R1_fused_diamond_unaligned.fa",
                "size": 6974315480,
                "checksum": "sha1$51e45dbc90fb3bc6b3fb5d6a0612446f5b7c1a24",
                "path": "/backup/fpantini/HumannResults/HV02/HV02_R1_fused_humann_temp/HV02_R1_fused_diamond_unaligned.fa"
            }
        ],
        "path": "/backup/fpantini/HumannResults/HV02/HV02_R1_fused_humann_temp"
    }
}[1;30mINFO[0m Final process status is success
189.19user 111.51system 12:12:47elapsed 0%CPU (0avgtext+0avgdata 55652maxresident)k
174719928inputs+18736384outputs (127major+51315minor)pagefaults 0swaps
